<?xml version="1.0" encoding="UTF-8"?>
<!-- Generated by org.testng.reporters.JUnitReportReporter -->
<testsuite skipped="0" hostname="LAPTOP-5HL70CFF" name="com.listener.ListennerPractice" tests="3" failures="0" timestamp="2022-01-31T01:56:06 EST" time="9.325" errors="0">
  <testcase name="nopcommercetitleTest" time="2.630" classname="com.listener.ListennerPractice"/>
  <system-out/>
  <testcase name="nopcommerceLoginTitleTest" time="3.973" classname="com.listener.ListennerPractice"/>
  <system-out/>
  <testcase name="nopcommerceLogoTest" time="2.722" classname="com.listener.ListennerPractice"/>
  <system-out/>
</testsuite> <!-- com.listener.ListennerPractice -->
