<?xml version="1.0" encoding="UTF-8"?>
<!-- Generated by org.testng.reporters.JUnitReportReporter -->
<testsuite skipped="0" hostname="LAPTOP-5HL70CFF" name="com.coding.test.RemoveCharacterClass" tests="2" failures="0" timestamp="2022-01-17T22:02:08 EST" time="0.008" errors="0">
  <testcase name="removeNumber" time="0.001" classname="com.coding.test.RemoveCharacterClass"/>
  <system-out/>
  <testcase name="removeCharacter" time="0.007" classname="com.coding.test.RemoveCharacterClass"/>
  <system-out/>
</testsuite> <!-- com.coding.test.RemoveCharacterClass -->
