<?xml version="1.0" encoding="UTF-8"?>
<!-- Generated by org.testng.reporters.JUnitReportReporter -->
<testsuite skipped="0" hostname="LAPTOP-5HL70CFF" name="com.testng.practice.Basic_Anotation_Demo2" tests="8" failures="0" timestamp="2022-09-01T18:11:23 EDT" time="0.018" errors="0">
  <testcase name="descriptionDemo" time="0.009" classname="com.testng.practice.Basic_Anotation_Demo2"/>
  <system-out/>
  <testcase name="invocationCountDemo" time="0.001" classname="com.testng.practice.Basic_Anotation_Demo2"/>
  <system-out/>
  <testcase name="invocationCountDemo" time="0.001" classname="com.testng.practice.Basic_Anotation_Demo2"/>
  <system-out/>
  <testcase name="invocationCountDemo" time="0.001" classname="com.testng.practice.Basic_Anotation_Demo2"/>
  <system-out/>
  <testcase name="invocationCountDemo" time="0.001" classname="com.testng.practice.Basic_Anotation_Demo2"/>
  <system-out/>
  <testcase name="invocationCountDemo" time="0.001" classname="com.testng.practice.Basic_Anotation_Demo2"/>
  <system-out/>
  <testcase name="enableDemo" time="0.002" classname="com.testng.practice.Basic_Anotation_Demo2"/>
  <system-out/>
  <testcase name="dependOnMethodDemo" time="0.002" classname="com.testng.practice.Basic_Anotation_Demo2"/>
  <system-out/>
</testsuite> <!-- com.testng.practice.Basic_Anotation_Demo2 -->
