<?xml version="1.0" encoding="UTF-8"?>
<!-- Generated by org.testng.reporters.JUnitReportReporter -->
<testsuite skipped="0" hostname="LAPTOP-5HL70CFF" name="com.coding.test.FindDuplicate" tests="3" failures="0" timestamp="2022-01-31T10:30:19 EST" time="0.002" errors="0">
  <testcase name="getDuplicateString" time="0.001" classname="com.coding.test.FindDuplicate"/>
  <system-out/>
  <testcase name="removeDuplicateString" time="0.001" classname="com.coding.test.FindDuplicate"/>
  <system-out/>
  <testcase name="getDuplicateChar" time="0.000" classname="com.coding.test.FindDuplicate"/>
  <system-out/>
</testsuite> <!-- com.coding.test.FindDuplicate -->
