<?xml version="1.0" encoding="UTF-8"?>
<!-- Generated by org.testng.reporters.JUnitReportReporter -->
<testsuite skipped="0" hostname="LAPTOP-5HL70CFF" name="com.coding.test.Factorial_Class" tests="1" failures="0" timestamp="2022-02-03T22:44:49 EST" time="0.006" errors="0">
  <testcase name="findFactorial" time="0.006" classname="com.coding.test.Factorial_Class"/>
  <system-out/>
</testsuite> <!-- com.coding.test.Factorial_Class -->
