<?xml version="1.0" encoding="UTF-8"?>
<!-- Generated by org.testng.reporters.JUnitReportReporter -->
<testsuite skipped="0" hostname="LAPTOP-5HL70CFF" name="com.coding.test.StoreData_Demo" tests="2" failures="0" timestamp="2022-08-16T13:32:14 EDT" time="2.273" errors="0">
  <testcase name="store_data_to_HashMap" time="1.889" classname="com.coding.test.StoreData_Demo"/>
  <system-out/>
  <testcase name="store_data_to_Excel" time="0.384" classname="com.coding.test.StoreData_Demo"/>
  <system-out/>
</testsuite> <!-- com.coding.test.StoreData_Demo -->
