<?xml version="1.0" encoding="UTF-8"?>
<!-- Generated by org.testng.reporters.JUnitReportReporter -->
<testsuite skipped="0" hostname="LAPTOP-5HL70CFF" name="com.testng.practice.Basic_Anotation_Demo" tests="1" failures="0" timestamp="2022-09-01T17:30:57 EDT" time="0.003" errors="0">
  <testcase name="TestDemo" time="0.003" classname="com.testng.practice.Basic_Anotation_Demo"/>
  <system-out/>
</testsuite> <!-- com.testng.practice.Basic_Anotation_Demo -->
