<?xml version="1.0" encoding="UTF-8"?>
<!-- Generated by org.testng.reporters.JUnitReportReporter -->
<testsuite skipped="0" hostname="LAPTOP-5HL70CFF" name="selenium.challange.Alert_PopUpWindow" tests="1" failures="0" timestamp="2022-09-15T13:25:27 EDT" time="5.699" errors="0">
  <testcase name="alertAuthenticationWinHandle" time="5.699" classname="selenium.challange.Alert_PopUpWindow"/>
  <system-out/>
</testsuite> <!-- selenium.challange.Alert_PopUpWindow -->
