<?xml version="1.0" encoding="UTF-8"?>
<!-- Generated by org.testng.reporters.JUnitReportReporter -->
<testsuite skipped="0" hostname="LAPTOP-5HL70CFF" name="com.testng.practice.Basic_Anotation_Demo1" tests="1" failures="0" timestamp="2022-09-04T10:48:45 EDT" time="0.006" errors="0">
  <testcase name="TestDemo" time="0.006" classname="com.testng.practice.Basic_Anotation_Demo1"/>
  <system-out/>
</testsuite> <!-- com.testng.practice.Basic_Anotation_Demo1 -->
