<?xml version="1.0" encoding="UTF-8"?>
<!-- Generated by org.testng.reporters.JUnitReportReporter -->
<testsuite skipped="0" hostname="LAPTOP-5HL70CFF" name="com.coding.test.StoreDataFromHashMap_Demo" tests="1" failures="0" timestamp="2022-08-16T12:59:33 EDT" time="0.365" errors="0">
  <testcase name="storedata" time="0.365" classname="com.coding.test.StoreDataFromHashMap_Demo"/>
  <system-out/>
</testsuite> <!-- com.coding.test.StoreDataFromHashMap_Demo -->
