<?xml version="1.0" encoding="UTF-8"?>
<!-- Generated by org.testng.reporters.JUnitReportReporter -->
<testsuite skipped="0" hostname="LAPTOP-5HL70CFF" name="com.coding.test.TrailingZero" tests="1" failures="0" timestamp="2022-02-03T22:51:34 EST" time="0.005" errors="0">
  <testcase name="getTrailingZero" time="0.005" classname="com.coding.test.TrailingZero"/>
  <system-out/>
</testsuite> <!-- com.coding.test.TrailingZero -->
