<?xml version="1.0" encoding="UTF-8"?>
<!-- Generated by org.testng.reporters.JUnitReportReporter -->
<testsuite hostname="LAPTOP-5HL70CFF" failures="0" tests="1" name="com.myRunner.MyRunnerClass" time="0.011" errors="0" timestamp="19 Sep 2021 13:36:02 GMT" skipped="0">
  <testcase classname="com.myRunner.MyRunnerClass" name="feature" time="0.011"/>
</testsuite> <!-- com.myRunner.MyRunnerClass -->
