<?xml version="1.0" encoding="UTF-8"?>
<!-- Generated by org.testng.reporters.JUnitReportReporter -->
<testsuite skipped="0" hostname="LAPTOP-5HL70CFF" name="selenium.challange.Drop_Down" tests="1" failures="0" timestamp="2022-09-15T14:51:32 EDT" time="6.363" errors="0">
  <testcase name="auto_suggestion_ddown" time="6.363" classname="selenium.challange.Drop_Down"/>
  <system-out/>
</testsuite> <!-- selenium.challange.Drop_Down -->
