<?xml version="1.0" encoding="UTF-8"?>
<!-- Generated by org.testng.reporters.JUnitReportReporter -->
<testsuite skipped="0" hostname="LAPTOP-5HL70CFF" name="tests.Test1" tests="2" failures="0" timestamp="2021-10-03T20:28:27 EDT" time="5.315" errors="0">
  <testcase name="practiceTest" time="1.606" classname="tests.Test1"/>
  <system-out/>
  <testcase name="geturlname" time="3.709" classname="tests.Test1"/>
  <system-out/>
</testsuite> <!-- tests.Test1 -->
