<?xml version="1.0" encoding="UTF-8"?>
<!-- Generated by org.testng.reporters.JUnitReportReporter -->
<testsuite skipped="0" hostname="LAPTOP-5HL70CFF" name="com.testng.practice.ParallelTesting" tests="4" failures="0" timestamp="2022-09-04T10:53:03 EDT" time="37.314" errors="0">
  <testcase name="setup4" time="6.304" classname="com.testng.practice.ParallelTesting"/>
  <system-out/>
  <testcase name="setup1" time="10.410" classname="com.testng.practice.ParallelTesting"/>
  <system-out/>
  <testcase name="setup3" time="7.965" classname="com.testng.practice.ParallelTesting"/>
  <system-out/>
  <testcase name="setup2" time="12.635" classname="com.testng.practice.ParallelTesting"/>
  <system-out/>
</testsuite> <!-- com.testng.practice.ParallelTesting -->
