<?xml version="1.0" encoding="UTF-8"?>
<!-- Generated by org.testng.reporters.JUnitReportReporter -->
<testsuite hostname="LAPTOP-5HL70CFF" failures="0" tests="7" name="generic.BaseLogin" time="9.065" errors="0" timestamp="2021-09-20T11:23:25 EDT" skipped="0">
  <testcase classname="generic.BaseLogin" name="setUp" time="0.995"/>
  <system-out/>
  <testcase classname="generic.BaseLogin" name="getUrl" time="2.788"/>
  <system-out/>
  <testcase classname="generic.BaseLogin" name="clickSignInBtn" time="1.409"/>
  <system-out/>
  <testcase classname="generic.BaseLogin" name="username_pwd" time="0.150"/>
  <system-out/>
  <testcase classname="generic.BaseLogin" name="click_lst_signinbtn" time="0.069"/>
  <system-out/>
  <testcase classname="generic.BaseLogin" name="verify" time="1.520"/>
  <system-out/>
  <testcase classname="generic.BaseLogin" name="teardown" time="2.134"/>
  <system-out/>
</testsuite> <!-- generic.BaseLogin -->
