<?xml version="1.0" encoding="UTF-8"?>
<!-- Generated by org.testng.reporters.JUnitReportReporter -->
<testsuite skipped="0" hostname="LAPTOP-5HL70CFF" name="com.testng.practice.CrossBrowserTesting" tests="2" failures="0" timestamp="2022-09-04T11:00:54 EDT" time="24.161" errors="0">
  <testcase name="setup" time="9.667" classname="com.testng.practice.CrossBrowserTesting"/>
  <system-out/>
  <testcase name="setup" time="14.494" classname="com.testng.practice.CrossBrowserTesting"/>
  <system-out/>
</testsuite> <!-- com.testng.practice.CrossBrowserTesting -->
