<?xml version="1.0" encoding="UTF-8"?>
<!-- Generated by org.testng.reporters.JUnitReportReporter -->
<testsuite skipped="0" hostname="LAPTOP-5HL70CFF" name="com.testng.practice.Basic_Anotation_Demo3" tests="2" failures="0" timestamp="2022-09-01T18:21:50 EDT" time="0.009" errors="0">
  <testcase name="infosys" time="0.008" classname="com.testng.practice.Basic_Anotation_Demo3"/>
  <system-out/>
  <testcase name="wipro" time="0.001" classname="com.testng.practice.Basic_Anotation_Demo3"/>
  <system-out/>
</testsuite> <!-- com.testng.practice.Basic_Anotation_Demo3 -->
