<?xml version="1.0" encoding="UTF-8"?>
<!-- Generated by org.testng.reporters.JUnitReportReporter -->
<testsuite skipped="0" hostname="LAPTOP-5HL70CFF" name="com.practice.Print_all_links_Demo" tests="1" failures="0" timestamp="2022-09-15T15:14:43 EDT" time="11.450" errors="0">
  <testcase name="print_link" time="11.450" classname="com.practice.Print_all_links_Demo"/>
  <system-out/>
</testsuite> <!-- com.practice.Print_all_links_Demo -->
