<?xml version="1.0" encoding="UTF-8"?>
<!-- Generated by org.testng.reporters.JUnitReportReporter -->
<testsuite skipped="0" hostname="LAPTOP-5HL70CFF" name="com.practice.Tester" tests="1" failures="0" timestamp="2022-02-02T21:10:47 EST" time="18.575" errors="0">
  <testcase name="getValue" time="18.575" classname="com.practice.Tester"/>
  <system-out/>
</testsuite> <!-- com.practice.Tester -->
