<?xml version="1.0" encoding="UTF-8"?>
<!-- Generated by org.testng.reporters.JUnitReportReporter -->
<testsuite skipped="0" hostname="LAPTOP-5HL70CFF" name="com.practice.PracticeA" tests="1" failures="0" timestamp="2022-09-23T22:10:01 EDT" time="16.901" errors="0">
  <testcase name="loginTest" time="16.901" classname="com.practice.PracticeA"/>
  <system-out/>
</testsuite> <!-- com.practice.PracticeA -->
