<?xml version="1.0" encoding="UTF-8"?>
<!-- Generated by org.testng.reporters.JUnitReportReporter -->
<testsuite skipped="0" hostname="LAPTOP-5HL70CFF" name="selenium.challange.Window_Handle" tests="1" failures="0" timestamp="2022-09-18T14:54:05 EDT" time="13.627" errors="0">
  <testcase name="get_Window_Handle" time="13.627" classname="selenium.challange.Window_Handle"/>
  <system-out/>
</testsuite> <!-- selenium.challange.Window_Handle -->
