<?xml version="1.0" encoding="UTF-8"?>
<!-- Generated by org.testng.reporters.JUnitReportReporter -->
<testsuite skipped="0" hostname="LAPTOP-5HL70CFF" name="selenium.challange.Print_all_links_Demo" tests="1" failures="0" timestamp="2022-09-17T22:34:02 EDT" time="19.592" errors="0">
  <testcase name="print_dropdown_value" time="19.592" classname="selenium.challange.Print_all_links_Demo"/>
  <system-out/>
</testsuite> <!-- selenium.challange.Print_all_links_Demo -->
