<?xml version="1.0" encoding="UTF-8"?>
<!-- Generated by org.testng.reporters.JUnitReportReporter -->
<testsuite hostname="LAPTOP-5HL70CFF" failures="0" tests="7" name="com.stepDef.Steps" time="11.591" errors="0" timestamp="2021-09-21T21:46:33 EDT" skipped="0">
  <testcase classname="com.stepDef.Steps" name="setUp" time="3.139"/>
  <system-out/>
  <testcase classname="com.stepDef.Steps" name="getUrl" time="3.006"/>
  <system-out/>
  <testcase classname="com.stepDef.Steps" name="clickSignInBtn" time="1.320"/>
  <system-out/>
  <testcase classname="com.stepDef.Steps" name="username_pwd" time="0.146"/>
  <system-out/>
  <testcase classname="com.stepDef.Steps" name="click_lst_signinbtn" time="0.063"/>
  <system-out/>
  <testcase classname="com.stepDef.Steps" name="verify" time="1.769"/>
  <system-out/>
  <testcase classname="com.stepDef.Steps" name="teardown" time="2.148"/>
  <system-out/>
</testsuite> <!-- com.stepDef.Steps -->
