<?xml version="1.0" encoding="UTF-8"?>
<!-- Generated by org.testng.reporters.JUnitReportReporter -->
<testsuite skipped="0" hostname="LAPTOP-5HL70CFF" name="com.practice.Two" tests="1" failures="0" timestamp="2022-07-05T21:56:08 EDT" time="0.007" errors="0">
  <testcase name="getAdd" time="0.007" classname="com.practice.Two"/>
  <system-out/>
</testsuite> <!-- com.practice.Two -->
