<?xml version="1.0" encoding="UTF-8"?>
<!-- Generated by org.testng.reporters.JUnitReportReporter -->
<testsuite skipped="0" hostname="LAPTOP-5HL70CFF" name="com.stepDef.Zooplastepdef" tests="1" failures="0" timestamp="2022-08-03T13:35:52 EDT" time="4.906" errors="0">
  <testcase name="initial" time="4.906" classname="com.stepDef.Zooplastepdef"/>
  <system-out/>
</testsuite> <!-- com.stepDef.Zooplastepdef -->
