<?xml version="1.0" encoding="UTF-8"?>
<!-- Generated by org.testng.reporters.JUnitReportReporter -->
<testsuite skipped="0" hostname="LAPTOP-5HL70CFF" name="com.practice.InterestDemo" tests="1" failures="0" timestamp="2022-08-24T16:27:01 EDT" time="0.006" errors="0">
  <testcase name="getTotalLoan" time="0.006" classname="com.practice.InterestDemo"/>
  <system-out/>
</testsuite> <!-- com.practice.InterestDemo -->
