<?xml version="1.0" encoding="UTF-8"?>
<!-- Generated by org.testng.reporters.JUnitReportReporter -->
<testsuite skipped="0" hostname="LAPTOP-5HL70CFF" name="com.coding.test.ReadData_from_Excel" tests="1" failures="0" timestamp="2022-08-16T17:39:25 EDT" time="0.445" errors="0">
  <testcase name="readData" time="0.445" classname="com.coding.test.ReadData_from_Excel"/>
  <system-out/>
</testsuite> <!-- com.coding.test.ReadData_from_Excel -->
