<?xml version="1.0" encoding="UTF-8"?>
<!-- Generated by org.testng.reporters.JUnitReportReporter -->
<testsuite skipped="0" hostname="LAPTOP-5HL70CFF" name="com.practice.Xyz" tests="2" failures="0" timestamp="2022-02-07T20:23:31 EST" time="0.007" errors="0">
  <testcase name="acow" time="0.007" classname="com.practice.Xyz"/>
  <system-out/>
  <testcase name="abh" time="0.000" classname="com.practice.Xyz"/>
  <system-out/>
</testsuite> <!-- com.practice.Xyz -->
