<?xml version="1.0" encoding="UTF-8"?>
<!-- Generated by org.testng.reporters.JUnitReportReporter -->
<testsuite skipped="0" hostname="LAPTOP-5HL70CFF" name="generic.SuperClass" tests="1" failures="0" timestamp="2022-04-22T23:51:38 EDT" time="6.226" errors="0">
  <testcase name="initial" time="6.226" classname="generic.SuperClass"/>
  <system-out/>
</testsuite> <!-- generic.SuperClass -->
