<?xml version="1.0" encoding="UTF-8"?>
<!-- Generated by org.testng.reporters.JUnitReportReporter -->
<testsuite skipped="0" hostname="LAPTOP-5HL70CFF" name="com.selenium.challange.Alert_PopUpWindow" tests="1" failures="0" timestamp="2021-11-27T02:03:01 EST" time="4.923" errors="0">
  <testcase name="alertWindowHandle" time="4.923" classname="com.selenium.challange.Alert_PopUpWindow"/>
  <system-out/>
</testsuite> <!-- com.selenium.challange.Alert_PopUpWindow -->
