<?xml version="1.0" encoding="UTF-8"?>
<!-- Generated by org.testng.reporters.JUnitReportReporter -->
<testsuite skipped="0" hostname="LAPTOP-5HL70CFF" name="com.myRunner.Runner" tests="3" failures="2" timestamp="2022-09-03T16:32:15 EDT" time="22.672" errors="0">
  <testcase name="runScenario" time="7.174" classname="com.myRunner.Runner">
    <failure type="java.lang.AssertionError" message="expected [Account | Zoopla] but found [Sign in to Zoopla - Zoopla]">
      <![CDATA[java.lang.AssertionError: expected [Account | Zoopla] but found [Sign in to Zoopla - Zoopla]
at org.testng.Assert.fail(Assert.java:99)
at org.testng.Assert.failNotEquals(Assert.java:1037)
at org.testng.Assert.assertEqualsImpl(Assert.java:140)
at org.testng.Assert.assertEquals(Assert.java:122)
at org.testng.Assert.assertEquals(Assert.java:629)
at org.testng.Assert.assertEquals(Assert.java:639)
at com.stepDef.Steps.users_can_verify_sign_in_page(Steps.java:52)
at ✽.Users can verify Sign In page(file:///C:/Users/compu/eclipse-workspace/My_Project1/./Features/login.feature:21)
]]>
    </failure>
  </testcase> <!-- runScenario -->
  <system-out/>
  <testcase name="runScenario" time="7.689" classname="com.myRunner.Runner"/>
  <system-out/>
  <testcase name="runScenario" time="7.809" classname="com.myRunner.Runner">
    <failure type="java.lang.AssertionError" message="expected [Account | Zoopla] but found [Sign in to Zoopla - Zoopla]">
      <![CDATA[java.lang.AssertionError: expected [Account | Zoopla] but found [Sign in to Zoopla - Zoopla]
at org.testng.Assert.fail(Assert.java:99)
at org.testng.Assert.failNotEquals(Assert.java:1037)
at org.testng.Assert.assertEqualsImpl(Assert.java:140)
at org.testng.Assert.assertEquals(Assert.java:122)
at org.testng.Assert.assertEquals(Assert.java:629)
at org.testng.Assert.assertEquals(Assert.java:639)
at com.stepDef.Steps.users_can_verify_sign_in_page(Steps.java:52)
at ✽.Users can verify Sign In page(file:///C:/Users/compu/eclipse-workspace/My_Project1/./Features/login.feature:21)
]]>
    </failure>
  </testcase> <!-- runScenario -->
  <system-out/>
</testsuite> <!-- com.myRunner.Runner -->
