<?xml version="1.0" encoding="UTF-8"?>
<!-- Generated by org.testng.reporters.JUnitReportReporter -->
<testsuite skipped="0" hostname="LAPTOP-5HL70CFF" name="selenium.challange.Iframe_Handle" tests="1" failures="0" timestamp="2022-09-17T22:49:36 EDT" time="17.413" errors="0">
  <testcase name="handle_nested_frame" time="17.413" classname="selenium.challange.Iframe_Handle"/>
  <system-out/>
</testsuite> <!-- selenium.challange.Iframe_Handle -->
