<?xml version="1.0" encoding="UTF-8"?>
<!-- Generated by org.testng.reporters.JUnitReportReporter -->
<testsuite skipped="0" hostname="LAPTOP-5HL70CFF" name="tests.FindPrimeNumberInInterval" tests="1" failures="0" timestamp="2021-11-24T02:41:41 EST" time="0.007" errors="0">
  <testcase name="getPrime" time="0.007" classname="tests.FindPrimeNumberInInterval"/>
  <system-out/>
</testsuite> <!-- tests.FindPrimeNumberInInterval -->
