<?xml version="1.0" encoding="UTF-8"?>
<!-- Generated by org.testng.reporters.JUnitReportReporter -->
<testsuite skipped="0" hostname="LAPTOP-5HL70CFF" name="com.practice.ClassA" tests="1" failures="0" timestamp="2022-02-09T20:28:46 EST" time="7.581" errors="0">
  <testcase name="getExcelData" time="7.581" classname="com.practice.ClassA"/>
  <system-out/>
</testsuite> <!-- com.practice.ClassA -->
