<?xml version="1.0" encoding="UTF-8"?>
<!-- Generated by org.testng.reporters.JUnitReportReporter -->
<testsuite skipped="0" hostname="LAPTOP-5HL70CFF" name="com.utility.ReadExcelData" tests="2" failures="0" timestamp="2022-09-11T13:52:16 EDT" time="0.502" errors="0">
  <testcase name="getExcelData" time="0.033" classname="com.utility.ReadExcelData"/>
  <system-out/>
  <testcase name="getAllValue" time="0.469" classname="com.utility.ReadExcelData"/>
  <system-out/>
</testsuite> <!-- com.utility.ReadExcelData -->
