<?xml version="1.0" encoding="UTF-8"?>
<!-- Generated by org.testng.reporters.JUnitReportReporter -->
<testsuite skipped="0" hostname="LAPTOP-5HL70CFF" name="com.utility.UtilityMethod" tests="1" failures="0" timestamp="2022-02-01T23:36:38 EST" time="0.015" errors="0">
  <testcase name="captureScreenShot" time="0.015" classname="com.utility.UtilityMethod"/>
  <system-out/>
</testsuite> <!-- com.utility.UtilityMethod -->
